2025-09-10 21:31:01,227 - INFO - Запущен checker подписок
2025-09-10 21:31:01,227 - INFO - Запущен Telegram бот в отдельном потоке
2025-09-10 21:31:01,227 - INFO - Запуск Flask приложения...
2025-09-10 21:31:01,228 - INFO - Запуск Telegram бота...
2025-09-10 21:31:01,233 - INFO - [31m[1mWARNING: This is a development server. Do not use it in a production deployment. Use a production WSGI server instead.[0m
 * Running on http://127.0.0.1:5009
2025-09-10 21:31:01,233 - INFO - [33mPress CTRL+C to quit[0m
2025-09-10 21:31:01,493 - INFO - HTTP Request: POST https://api.telegram.org/bot8112793004:AAFxvygvCn8GyoPIAcAXqe_C_8xv9eWZoJE/getMe "HTTP/1.1 200 OK"
2025-09-10 21:31:01,494 - INFO - Scheduler started
2025-09-10 21:31:01,494 - INFO - Application started
2025-09-10 21:31:01,578 - INFO - HTTP Request: POST https://api.telegram.org/bot8112793004:AAFxvygvCn8GyoPIAcAXqe_C_8xv9eWZoJE/deleteWebhook "HTTP/1.1 200 OK"
2025-09-10 21:31:01,578 - INFO - Telegram бот запущен успешно
2025-09-10 21:31:05,341 - INFO - 127.0.0.1 - - [10/Sep/2025 21:31:05] "GET / HTTP/1.1" 200 -
2025-09-10 21:31:05,372 - INFO - 127.0.0.1 - - [10/Sep/2025 21:31:05] "GET /static/style.css HTTP/1.1" 200 -
2025-09-10 21:31:05,385 - INFO - 127.0.0.1 - - [10/Sep/2025 21:31:05] "[33mGET /favicon.ico HTTP/1.1[0m" 404 -
2025-09-10 21:31:11,831 - INFO - HTTP Request: POST https://api.telegram.org/bot8112793004:AAFxvygvCn8GyoPIAcAXqe_C_8xv9eWZoJE/getUpdates "HTTP/1.1 200 OK"
2025-09-10 21:31:14,915 - INFO - HTTP Request: POST https://api.telegram.org/bot8112793004:AAFxvygvCn8GyoPIAcAXqe_C_8xv9eWZoJE/getUpdates "HTTP/1.1 200 OK"
2025-09-10 21:31:15,195 - INFO - HTTP Request: POST https://api.telegram.org/bot8112793004:AAFxvygvCn8GyoPIAcAXqe_C_8xv9eWZoJE/sendMessage "HTTP/1.1 200 OK"
2025-09-10 21:31:15,196 - INFO - Чат 2094363585 добавлен для уведомлений
2025-09-10 21:31:18,717 - INFO - HTTP Request: POST https://api.telegram.org/bot8112793004:AAFxvygvCn8GyoPIAcAXqe_C_8xv9eWZoJE/getUpdates "HTTP/1.1 200 OK"
2025-09-10 21:31:18,857 - INFO - HTTP Request: POST https://api.telegram.org/bot8112793004:AAFxvygvCn8GyoPIAcAXqe_C_8xv9eWZoJE/sendMessage "HTTP/1.1 200 OK"
2025-09-10 21:31:18,857 - INFO - Время уведомлений установлено: 12:00
2025-09-10 21:31:31,805 - INFO - HTTP Request: POST https://api.telegram.org/bot8112793004:AAFxvygvCn8GyoPIAcAXqe_C_8xv9eWZoJE/getUpdates "HTTP/1.1 200 OK"
2025-09-10 21:31:44,894 - INFO - HTTP Request: POST https://api.telegram.org/bot8112793004:AAFxvygvCn8GyoPIAcAXqe_C_8xv9eWZoJE/getUpdates "HTTP/1.1 200 OK"
2025-09-10 21:31:57,981 - INFO - HTTP Request: POST https://api.telegram.org/bot8112793004:AAFxvygvCn8GyoPIAcAXqe_C_8xv9eWZoJE/getUpdates "HTTP/1.1 200 OK"
2025-09-10 21:32:11,068 - INFO - HTTP Request: POST https://api.telegram.org/bot8112793004:AAFxvygvCn8GyoPIAcAXqe_C_8xv9eWZoJE/getUpdates "HTTP/1.1 200 OK"
2025-09-10 21:32:24,153 - INFO - HTTP Request: POST https://api.telegram.org/bot8112793004:AAFxvygvCn8GyoPIAcAXqe_C_8xv9eWZoJE/getUpdates "HTTP/1.1 200 OK"
2025-09-10 21:32:37,242 - INFO - HTTP Request: POST https://api.telegram.org/bot8112793004:AAFxvygvCn8GyoPIAcAXqe_C_8xv9eWZoJE/getUpdates "HTTP/1.1 200 OK"
2025-09-10 21:32:50,327 - INFO - HTTP Request: POST https://api.telegram.org/bot8112793004:AAFxvygvCn8GyoPIAcAXqe_C_8xv9eWZoJE/getUpdates "HTTP/1.1 200 OK"
2025-09-10 21:33:03,412 - INFO - HTTP Request: POST https://api.telegram.org/bot8112793004:AAFxvygvCn8GyoPIAcAXqe_C_8xv9eWZoJE/getUpdates "HTTP/1.1 200 OK"
2025-09-10 21:33:16,496 - INFO - HTTP Request: POST https://api.telegram.org/bot8112793004:AAFxvygvCn8GyoPIAcAXqe_C_8xv9eWZoJE/getUpdates "HTTP/1.1 200 OK"
2025-09-10 21:33:29,585 - INFO - HTTP Request: POST https://api.telegram.org/bot8112793004:AAFxvygvCn8GyoPIAcAXqe_C_8xv9eWZoJE/getUpdates "HTTP/1.1 200 OK"
2025-09-10 21:33:42,672 - INFO - HTTP Request: POST https://api.telegram.org/bot8112793004:AAFxvygvCn8GyoPIAcAXqe_C_8xv9eWZoJE/getUpdates "HTTP/1.1 200 OK"
2025-09-10 21:33:46,260 - INFO - HTTP Request: POST https://api.telegram.org/bot8112793004:AAFxvygvCn8GyoPIAcAXqe_C_8xv9eWZoJE/getUpdates "HTTP/1.1 200 OK"
2025-09-10 21:33:46,609 - INFO - HTTP Request: POST https://api.telegram.org/bot8112793004:AAFxvygvCn8GyoPIAcAXqe_C_8xv9eWZoJE/sendMessage "HTTP/1.1 200 OK"
2025-09-10 21:33:59,376 - INFO - HTTP Request: POST https://api.telegram.org/bot8112793004:AAFxvygvCn8GyoPIAcAXqe_C_8xv9eWZoJE/getUpdates "HTTP/1.1 200 OK"
2025-09-10 21:34:12,474 - INFO - HTTP Request: POST https://api.telegram.org/bot8112793004:AAFxvygvCn8GyoPIAcAXqe_C_8xv9eWZoJE/getUpdates "HTTP/1.1 200 OK"
2025-09-10 21:34:25,568 - INFO - HTTP Request: POST https://api.telegram.org/bot8112793004:AAFxvygvCn8GyoPIAcAXqe_C_8xv9eWZoJE/getUpdates "HTTP/1.1 200 OK"
2025-09-10 21:34:38,654 - INFO - HTTP Request: POST https://api.telegram.org/bot8112793004:AAFxvygvCn8GyoPIAcAXqe_C_8xv9eWZoJE/getUpdates "HTTP/1.1 200 OK"
2025-09-10 21:34:51,739 - INFO - HTTP Request: POST https://api.telegram.org/bot8112793004:AAFxvygvCn8GyoPIAcAXqe_C_8xv9eWZoJE/getUpdates "HTTP/1.1 200 OK"
2025-09-10 21:35:04,823 - INFO - HTTP Request: POST https://api.telegram.org/bot8112793004:AAFxvygvCn8GyoPIAcAXqe_C_8xv9eWZoJE/getUpdates "HTTP/1.1 200 OK"
2025-09-10 21:35:17,907 - INFO - HTTP Request: POST https://api.telegram.org/bot8112793004:AAFxvygvCn8GyoPIAcAXqe_C_8xv9eWZoJE/getUpdates "HTTP/1.1 200 OK"
2025-09-10 21:35:30,992 - INFO - HTTP Request: POST https://api.telegram.org/bot8112793004:AAFxvygvCn8GyoPIAcAXqe_C_8xv9eWZoJE/getUpdates "HTTP/1.1 200 OK"
2025-09-10 21:35:44,076 - INFO - HTTP Request: POST https://api.telegram.org/bot8112793004:AAFxvygvCn8GyoPIAcAXqe_C_8xv9eWZoJE/getUpdates "HTTP/1.1 200 OK"
2025-09-10 21:35:57,161 - INFO - HTTP Request: POST https://api.telegram.org/bot8112793004:AAFxvygvCn8GyoPIAcAXqe_C_8xv9eWZoJE/getUpdates "HTTP/1.1 200 OK"
2025-09-10 21:36:10,246 - INFO - HTTP Request: POST https://api.telegram.org/bot8112793004:AAFxvygvCn8GyoPIAcAXqe_C_8xv9eWZoJE/getUpdates "HTTP/1.1 200 OK"
2025-09-10 21:36:23,333 - INFO - HTTP Request: POST https://api.telegram.org/bot8112793004:AAFxvygvCn8GyoPIAcAXqe_C_8xv9eWZoJE/getUpdates "HTTP/1.1 200 OK"
2025-09-10 21:36:36,418 - INFO - HTTP Request: POST https://api.telegram.org/bot8112793004:AAFxvygvCn8GyoPIAcAXqe_C_8xv9eWZoJE/getUpdates "HTTP/1.1 200 OK"
2025-09-10 21:36:49,507 - INFO - HTTP Request: POST https://api.telegram.org/bot8112793004:AAFxvygvCn8GyoPIAcAXqe_C_8xv9eWZoJE/getUpdates "HTTP/1.1 200 OK"
2025-09-10 21:37:02,592 - INFO - HTTP Request: POST https://api.telegram.org/bot8112793004:AAFxvygvCn8GyoPIAcAXqe_C_8xv9eWZoJE/getUpdates "HTTP/1.1 200 OK"
2025-09-10 21:37:15,681 - INFO - HTTP Request: POST https://api.telegram.org/bot8112793004:AAFxvygvCn8GyoPIAcAXqe_C_8xv9eWZoJE/getUpdates "HTTP/1.1 200 OK"
2025-09-10 21:37:28,764 - INFO - HTTP Request: POST https://api.telegram.org/bot8112793004:AAFxvygvCn8GyoPIAcAXqe_C_8xv9eWZoJE/getUpdates "HTTP/1.1 200 OK"
2025-09-10 21:37:41,849 - INFO - HTTP Request: POST https://api.telegram.org/bot8112793004:AAFxvygvCn8GyoPIAcAXqe_C_8xv9eWZoJE/getUpdates "HTTP/1.1 200 OK"
2025-09-10 21:37:54,934 - INFO - HTTP Request: POST https://api.telegram.org/bot8112793004:AAFxvygvCn8GyoPIAcAXqe_C_8xv9eWZoJE/getUpdates "HTTP/1.1 200 OK"
2025-09-10 21:38:08,020 - INFO - HTTP Request: POST https://api.telegram.org/bot8112793004:AAFxvygvCn8GyoPIAcAXqe_C_8xv9eWZoJE/getUpdates "HTTP/1.1 200 OK"
2025-09-10 21:38:21,110 - INFO - HTTP Request: POST https://api.telegram.org/bot8112793004:AAFxvygvCn8GyoPIAcAXqe_C_8xv9eWZoJE/getUpdates "HTTP/1.1 200 OK"
2025-09-10 21:38:34,195 - INFO - HTTP Request: POST https://api.telegram.org/bot8112793004:AAFxvygvCn8GyoPIAcAXqe_C_8xv9eWZoJE/getUpdates "HTTP/1.1 200 OK"
2025-09-10 21:38:47,280 - INFO - HTTP Request: POST https://api.telegram.org/bot8112793004:AAFxvygvCn8GyoPIAcAXqe_C_8xv9eWZoJE/getUpdates "HTTP/1.1 200 OK"
2025-09-10 21:39:00,365 - INFO - HTTP Request: POST https://api.telegram.org/bot8112793004:AAFxvygvCn8GyoPIAcAXqe_C_8xv9eWZoJE/getUpdates "HTTP/1.1 200 OK"
2025-09-10 21:39:13,451 - INFO - HTTP Request: POST https://api.telegram.org/bot8112793004:AAFxvygvCn8GyoPIAcAXqe_C_8xv9eWZoJE/getUpdates "HTTP/1.1 200 OK"
2025-09-10 21:39:26,537 - INFO - HTTP Request: POST https://api.telegram.org/bot8112793004:AAFxvygvCn8GyoPIAcAXqe_C_8xv9eWZoJE/getUpdates "HTTP/1.1 200 OK"
2025-09-10 21:39:39,625 - INFO - HTTP Request: POST https://api.telegram.org/bot8112793004:AAFxvygvCn8GyoPIAcAXqe_C_8xv9eWZoJE/getUpdates "HTTP/1.1 200 OK"
2025-09-10 21:39:52,709 - INFO - HTTP Request: POST https://api.telegram.org/bot8112793004:AAFxvygvCn8GyoPIAcAXqe_C_8xv9eWZoJE/getUpdates "HTTP/1.1 200 OK"
2025-09-10 21:40:05,799 - INFO - HTTP Request: POST https://api.telegram.org/bot8112793004:AAFxvygvCn8GyoPIAcAXqe_C_8xv9eWZoJE/getUpdates "HTTP/1.1 200 OK"
2025-09-10 21:40:18,884 - INFO - HTTP Request: POST https://api.telegram.org/bot8112793004:AAFxvygvCn8GyoPIAcAXqe_C_8xv9eWZoJE/getUpdates "HTTP/1.1 200 OK"
2025-09-10 21:40:31,972 - INFO - HTTP Request: POST https://api.telegram.org/bot8112793004:AAFxvygvCn8GyoPIAcAXqe_C_8xv9eWZoJE/getUpdates "HTTP/1.1 200 OK"
2025-09-10 21:40:45,057 - INFO - HTTP Request: POST https://api.telegram.org/bot8112793004:AAFxvygvCn8GyoPIAcAXqe_C_8xv9eWZoJE/getUpdates "HTTP/1.1 200 OK"
2025-09-10 21:40:58,142 - INFO - HTTP Request: POST https://api.telegram.org/bot8112793004:AAFxvygvCn8GyoPIAcAXqe_C_8xv9eWZoJE/getUpdates "HTTP/1.1 200 OK"
2025-09-10 21:41:11,227 - INFO - HTTP Request: POST https://api.telegram.org/bot8112793004:AAFxvygvCn8GyoPIAcAXqe_C_8xv9eWZoJE/getUpdates "HTTP/1.1 200 OK"
2025-09-10 21:41:24,314 - INFO - HTTP Request: POST https://api.telegram.org/bot8112793004:AAFxvygvCn8GyoPIAcAXqe_C_8xv9eWZoJE/getUpdates "HTTP/1.1 200 OK"
2025-09-10 21:41:37,401 - INFO - HTTP Request: POST https://api.telegram.org/bot8112793004:AAFxvygvCn8GyoPIAcAXqe_C_8xv9eWZoJE/getUpdates "HTTP/1.1 200 OK"
2025-09-10 21:41:50,486 - INFO - HTTP Request: POST https://api.telegram.org/bot8112793004:AAFxvygvCn8GyoPIAcAXqe_C_8xv9eWZoJE/getUpdates "HTTP/1.1 200 OK"
2025-09-10 21:42:03,574 - INFO - HTTP Request: POST https://api.telegram.org/bot8112793004:AAFxvygvCn8GyoPIAcAXqe_C_8xv9eWZoJE/getUpdates "HTTP/1.1 200 OK"
2025-09-10 21:42:16,661 - INFO - HTTP Request: POST https://api.telegram.org/bot8112793004:AAFxvygvCn8GyoPIAcAXqe_C_8xv9eWZoJE/getUpdates "HTTP/1.1 200 OK"
2025-09-10 21:42:29,746 - INFO - HTTP Request: POST https://api.telegram.org/bot8112793004:AAFxvygvCn8GyoPIAcAXqe_C_8xv9eWZoJE/getUpdates "HTTP/1.1 200 OK"
2025-09-10 21:42:42,831 - INFO - HTTP Request: POST https://api.telegram.org/bot8112793004:AAFxvygvCn8GyoPIAcAXqe_C_8xv9eWZoJE/getUpdates "HTTP/1.1 200 OK"
2025-09-10 21:42:55,915 - INFO - HTTP Request: POST https://api.telegram.org/bot8112793004:AAFxvygvCn8GyoPIAcAXqe_C_8xv9eWZoJE/getUpdates "HTTP/1.1 200 OK"
2025-09-10 21:43:08,999 - INFO - HTTP Request: POST https://api.telegram.org/bot8112793004:AAFxvygvCn8GyoPIAcAXqe_C_8xv9eWZoJE/getUpdates "HTTP/1.1 200 OK"
2025-09-10 21:43:22,085 - INFO - HTTP Request: POST https://api.telegram.org/bot8112793004:AAFxvygvCn8GyoPIAcAXqe_C_8xv9eWZoJE/getUpdates "HTTP/1.1 200 OK"
2025-09-10 21:43:35,171 - INFO - HTTP Request: POST https://api.telegram.org/bot8112793004:AAFxvygvCn8GyoPIAcAXqe_C_8xv9eWZoJE/getUpdates "HTTP/1.1 200 OK"
2025-09-10 21:43:48,259 - INFO - HTTP Request: POST https://api.telegram.org/bot8112793004:AAFxvygvCn8GyoPIAcAXqe_C_8xv9eWZoJE/getUpdates "HTTP/1.1 200 OK"
2025-09-10 21:44:01,343 - INFO - HTTP Request: POST https://api.telegram.org/bot8112793004:AAFxvygvCn8GyoPIAcAXqe_C_8xv9eWZoJE/getUpdates "HTTP/1.1 200 OK"
2025-09-10 21:44:14,431 - INFO - HTTP Request: POST https://api.telegram.org/bot8112793004:AAFxvygvCn8GyoPIAcAXqe_C_8xv9eWZoJE/getUpdates "HTTP/1.1 200 OK"
2025-09-10 21:44:27,515 - INFO - HTTP Request: POST https://api.telegram.org/bot8112793004:AAFxvygvCn8GyoPIAcAXqe_C_8xv9eWZoJE/getUpdates "HTTP/1.1 200 OK"
2025-09-10 21:44:40,599 - INFO - HTTP Request: POST https://api.telegram.org/bot8112793004:AAFxvygvCn8GyoPIAcAXqe_C_8xv9eWZoJE/getUpdates "HTTP/1.1 200 OK"
2025-09-10 21:44:53,686 - INFO - HTTP Request: POST https://api.telegram.org/bot8112793004:AAFxvygvCn8GyoPIAcAXqe_C_8xv9eWZoJE/getUpdates "HTTP/1.1 200 OK"
2025-09-10 21:45:06,780 - INFO - HTTP Request: POST https://api.telegram.org/bot8112793004:AAFxvygvCn8GyoPIAcAXqe_C_8xv9eWZoJE/getUpdates "HTTP/1.1 200 OK"
2025-09-10 21:45:19,866 - INFO - HTTP Request: POST https://api.telegram.org/bot8112793004:AAFxvygvCn8GyoPIAcAXqe_C_8xv9eWZoJE/getUpdates "HTTP/1.1 200 OK"
2025-09-10 21:45:32,951 - INFO - HTTP Request: POST https://api.telegram.org/bot8112793004:AAFxvygvCn8GyoPIAcAXqe_C_8xv9eWZoJE/getUpdates "HTTP/1.1 200 OK"
2025-09-10 21:45:46,034 - INFO - HTTP Request: POST https://api.telegram.org/bot8112793004:AAFxvygvCn8GyoPIAcAXqe_C_8xv9eWZoJE/getUpdates "HTTP/1.1 200 OK"
2025-09-10 21:45:59,118 - INFO - HTTP Request: POST https://api.telegram.org/bot8112793004:AAFxvygvCn8GyoPIAcAXqe_C_8xv9eWZoJE/getUpdates "HTTP/1.1 200 OK"
2025-09-10 21:46:12,203 - INFO - HTTP Request: POST https://api.telegram.org/bot8112793004:AAFxvygvCn8GyoPIAcAXqe_C_8xv9eWZoJE/getUpdates "HTTP/1.1 200 OK"
2025-09-10 21:46:25,296 - INFO - HTTP Request: POST https://api.telegram.org/bot8112793004:AAFxvygvCn8GyoPIAcAXqe_C_8xv9eWZoJE/getUpdates "HTTP/1.1 200 OK"
2025-09-10 21:46:38,383 - INFO - HTTP Request: POST https://api.telegram.org/bot8112793004:AAFxvygvCn8GyoPIAcAXqe_C_8xv9eWZoJE/getUpdates "HTTP/1.1 200 OK"
2025-09-10 21:46:51,473 - INFO - HTTP Request: POST https://api.telegram.org/bot8112793004:AAFxvygvCn8GyoPIAcAXqe_C_8xv9eWZoJE/getUpdates "HTTP/1.1 200 OK"
2025-09-10 21:47:04,557 - INFO - HTTP Request: POST https://api.telegram.org/bot8112793004:AAFxvygvCn8GyoPIAcAXqe_C_8xv9eWZoJE/getUpdates "HTTP/1.1 200 OK"
2025-09-10 21:47:17,644 - INFO - HTTP Request: POST https://api.telegram.org/bot8112793004:AAFxvygvCn8GyoPIAcAXqe_C_8xv9eWZoJE/getUpdates "HTTP/1.1 200 OK"
2025-09-10 21:47:30,728 - INFO - HTTP Request: POST https://api.telegram.org/bot8112793004:AAFxvygvCn8GyoPIAcAXqe_C_8xv9eWZoJE/getUpdates "HTTP/1.1 200 OK"
2025-09-10 21:47:43,812 - INFO - HTTP Request: POST https://api.telegram.org/bot8112793004:AAFxvygvCn8GyoPIAcAXqe_C_8xv9eWZoJE/getUpdates "HTTP/1.1 200 OK"
2025-09-10 21:47:56,899 - INFO - HTTP Request: POST https://api.telegram.org/bot8112793004:AAFxvygvCn8GyoPIAcAXqe_C_8xv9eWZoJE/getUpdates "HTTP/1.1 200 OK"
2025-09-10 21:48:09,996 - INFO - HTTP Request: POST https://api.telegram.org/bot8112793004:AAFxvygvCn8GyoPIAcAXqe_C_8xv9eWZoJE/getUpdates "HTTP/1.1 200 OK"
2025-09-10 21:48:23,082 - INFO - HTTP Request: POST https://api.telegram.org/bot8112793004:AAFxvygvCn8GyoPIAcAXqe_C_8xv9eWZoJE/getUpdates "HTTP/1.1 200 OK"
2025-09-10 21:48:36,165 - INFO - HTTP Request: POST https://api.telegram.org/bot8112793004:AAFxvygvCn8GyoPIAcAXqe_C_8xv9eWZoJE/getUpdates "HTTP/1.1 200 OK"
2025-09-10 21:48:49,251 - INFO - HTTP Request: POST https://api.telegram.org/bot8112793004:AAFxvygvCn8GyoPIAcAXqe_C_8xv9eWZoJE/getUpdates "HTTP/1.1 200 OK"
2025-09-10 21:49:02,338 - INFO - HTTP Request: POST https://api.telegram.org/bot8112793004:AAFxvygvCn8GyoPIAcAXqe_C_8xv9eWZoJE/getUpdates "HTTP/1.1 200 OK"
2025-09-10 21:49:15,423 - INFO - HTTP Request: POST https://api.telegram.org/bot8112793004:AAFxvygvCn8GyoPIAcAXqe_C_8xv9eWZoJE/getUpdates "HTTP/1.1 200 OK"
2025-09-10 21:49:28,508 - INFO - HTTP Request: POST https://api.telegram.org/bot8112793004:AAFxvygvCn8GyoPIAcAXqe_C_8xv9eWZoJE/getUpdates "HTTP/1.1 200 OK"
2025-09-10 21:49:41,593 - INFO - HTTP Request: POST https://api.telegram.org/bot8112793004:AAFxvygvCn8GyoPIAcAXqe_C_8xv9eWZoJE/getUpdates "HTTP/1.1 200 OK"
2025-09-10 21:49:54,677 - INFO - HTTP Request: POST https://api.telegram.org/bot8112793004:AAFxvygvCn8GyoPIAcAXqe_C_8xv9eWZoJE/getUpdates "HTTP/1.1 200 OK"
2025-09-10 21:50:07,761 - INFO - HTTP Request: POST https://api.telegram.org/bot8112793004:AAFxvygvCn8GyoPIAcAXqe_C_8xv9eWZoJE/getUpdates "HTTP/1.1 200 OK"
2025-09-10 21:50:20,846 - INFO - HTTP Request: POST https://api.telegram.org/bot8112793004:AAFxvygvCn8GyoPIAcAXqe_C_8xv9eWZoJE/getUpdates "HTTP/1.1 200 OK"
2025-09-10 21:50:33,933 - INFO - HTTP Request: POST https://api.telegram.org/bot8112793004:AAFxvygvCn8GyoPIAcAXqe_C_8xv9eWZoJE/getUpdates "HTTP/1.1 200 OK"
2025-09-10 21:50:47,023 - INFO - HTTP Request: POST https://api.telegram.org/bot8112793004:AAFxvygvCn8GyoPIAcAXqe_C_8xv9eWZoJE/getUpdates "HTTP/1.1 200 OK"
2025-09-10 21:51:00,112 - INFO - HTTP Request: POST https://api.telegram.org/bot8112793004:AAFxvygvCn8GyoPIAcAXqe_C_8xv9eWZoJE/getUpdates "HTTP/1.1 200 OK"
2025-09-10 21:51:13,197 - INFO - HTTP Request: POST https://api.telegram.org/bot8112793004:AAFxvygvCn8GyoPIAcAXqe_C_8xv9eWZoJE/getUpdates "HTTP/1.1 200 OK"
2025-09-10 21:51:26,282 - INFO - HTTP Request: POST https://api.telegram.org/bot8112793004:AAFxvygvCn8GyoPIAcAXqe_C_8xv9eWZoJE/getUpdates "HTTP/1.1 200 OK"
2025-09-10 21:51:39,369 - INFO - HTTP Request: POST https://api.telegram.org/bot8112793004:AAFxvygvCn8GyoPIAcAXqe_C_8xv9eWZoJE/getUpdates "HTTP/1.1 200 OK"
2025-09-10 21:51:52,454 - INFO - HTTP Request: POST https://api.telegram.org/bot8112793004:AAFxvygvCn8GyoPIAcAXqe_C_8xv9eWZoJE/getUpdates "HTTP/1.1 200 OK"
2025-09-10 21:52:05,542 - INFO - HTTP Request: POST https://api.telegram.org/bot8112793004:AAFxvygvCn8GyoPIAcAXqe_C_8xv9eWZoJE/getUpdates "HTTP/1.1 200 OK"
2025-09-10 21:52:18,631 - INFO - HTTP Request: POST https://api.telegram.org/bot8112793004:AAFxvygvCn8GyoPIAcAXqe_C_8xv9eWZoJE/getUpdates "HTTP/1.1 200 OK"
2025-09-10 21:52:31,905 - INFO - HTTP Request: POST https://api.telegram.org/bot8112793004:AAFxvygvCn8GyoPIAcAXqe_C_8xv9eWZoJE/getUpdates "HTTP/1.1 200 OK"
2025-09-10 21:52:44,990 - INFO - HTTP Request: POST https://api.telegram.org/bot8112793004:AAFxvygvCn8GyoPIAcAXqe_C_8xv9eWZoJE/getUpdates "HTTP/1.1 200 OK"
2025-09-10 21:52:58,077 - INFO - HTTP Request: POST https://api.telegram.org/bot8112793004:AAFxvygvCn8GyoPIAcAXqe_C_8xv9eWZoJE/getUpdates "HTTP/1.1 200 OK"
2025-09-10 21:53:11,162 - INFO - HTTP Request: POST https://api.telegram.org/bot8112793004:AAFxvygvCn8GyoPIAcAXqe_C_8xv9eWZoJE/getUpdates "HTTP/1.1 200 OK"
2025-09-10 21:53:24,247 - INFO - HTTP Request: POST https://api.telegram.org/bot8112793004:AAFxvygvCn8GyoPIAcAXqe_C_8xv9eWZoJE/getUpdates "HTTP/1.1 200 OK"
2025-09-10 21:53:37,332 - INFO - HTTP Request: POST https://api.telegram.org/bot8112793004:AAFxvygvCn8GyoPIAcAXqe_C_8xv9eWZoJE/getUpdates "HTTP/1.1 200 OK"
2025-09-10 21:53:50,417 - INFO - HTTP Request: POST https://api.telegram.org/bot8112793004:AAFxvygvCn8GyoPIAcAXqe_C_8xv9eWZoJE/getUpdates "HTTP/1.1 200 OK"
2025-09-10 21:54:03,506 - INFO - HTTP Request: POST https://api.telegram.org/bot8112793004:AAFxvygvCn8GyoPIAcAXqe_C_8xv9eWZoJE/getUpdates "HTTP/1.1 200 OK"
2025-09-10 21:54:16,591 - INFO - HTTP Request: POST https://api.telegram.org/bot8112793004:AAFxvygvCn8GyoPIAcAXqe_C_8xv9eWZoJE/getUpdates "HTTP/1.1 200 OK"
2025-09-10 21:54:29,678 - INFO - HTTP Request: POST https://api.telegram.org/bot8112793004:AAFxvygvCn8GyoPIAcAXqe_C_8xv9eWZoJE/getUpdates "HTTP/1.1 200 OK"
2025-09-10 21:54:42,765 - INFO - HTTP Request: POST https://api.telegram.org/bot8112793004:AAFxvygvCn8GyoPIAcAXqe_C_8xv9eWZoJE/getUpdates "HTTP/1.1 200 OK"
2025-09-10 21:54:55,850 - INFO - HTTP Request: POST https://api.telegram.org/bot8112793004:AAFxvygvCn8GyoPIAcAXqe_C_8xv9eWZoJE/getUpdates "HTTP/1.1 200 OK"
2025-09-10 21:55:08,936 - INFO - HTTP Request: POST https://api.telegram.org/bot8112793004:AAFxvygvCn8GyoPIAcAXqe_C_8xv9eWZoJE/getUpdates "HTTP/1.1 200 OK"
2025-09-10 21:55:22,023 - INFO - HTTP Request: POST https://api.telegram.org/bot8112793004:AAFxvygvCn8GyoPIAcAXqe_C_8xv9eWZoJE/getUpdates "HTTP/1.1 200 OK"
2025-09-10 21:55:35,108 - INFO - HTTP Request: POST https://api.telegram.org/bot8112793004:AAFxvygvCn8GyoPIAcAXqe_C_8xv9eWZoJE/getUpdates "HTTP/1.1 200 OK"
2025-09-10 21:55:48,193 - INFO - HTTP Request: POST https://api.telegram.org/bot8112793004:AAFxvygvCn8GyoPIAcAXqe_C_8xv9eWZoJE/getUpdates "HTTP/1.1 200 OK"
2025-09-10 21:56:01,280 - INFO - HTTP Request: POST https://api.telegram.org/bot8112793004:AAFxvygvCn8GyoPIAcAXqe_C_8xv9eWZoJE/getUpdates "HTTP/1.1 200 OK"
2025-09-10 21:56:14,365 - INFO - HTTP Request: POST https://api.telegram.org/bot8112793004:AAFxvygvCn8GyoPIAcAXqe_C_8xv9eWZoJE/getUpdates "HTTP/1.1 200 OK"
2025-09-10 21:56:27,450 - INFO - HTTP Request: POST https://api.telegram.org/bot8112793004:AAFxvygvCn8GyoPIAcAXqe_C_8xv9eWZoJE/getUpdates "HTTP/1.1 200 OK"
2025-09-10 21:56:40,537 - INFO - HTTP Request: POST https://api.telegram.org/bot8112793004:AAFxvygvCn8GyoPIAcAXqe_C_8xv9eWZoJE/getUpdates "HTTP/1.1 200 OK"
2025-09-10 21:56:53,623 - INFO - HTTP Request: POST https://api.telegram.org/bot8112793004:AAFxvygvCn8GyoPIAcAXqe_C_8xv9eWZoJE/getUpdates "HTTP/1.1 200 OK"
2025-09-10 21:57:06,707 - INFO - HTTP Request: POST https://api.telegram.org/bot8112793004:AAFxvygvCn8GyoPIAcAXqe_C_8xv9eWZoJE/getUpdates "HTTP/1.1 200 OK"
2025-09-10 21:57:19,793 - INFO - HTTP Request: POST https://api.telegram.org/bot8112793004:AAFxvygvCn8GyoPIAcAXqe_C_8xv9eWZoJE/getUpdates "HTTP/1.1 200 OK"
2025-09-10 21:57:32,883 - INFO - HTTP Request: POST https://api.telegram.org/bot8112793004:AAFxvygvCn8GyoPIAcAXqe_C_8xv9eWZoJE/getUpdates "HTTP/1.1 200 OK"
2025-09-10 21:57:45,973 - INFO - HTTP Request: POST https://api.telegram.org/bot8112793004:AAFxvygvCn8GyoPIAcAXqe_C_8xv9eWZoJE/getUpdates "HTTP/1.1 200 OK"
2025-09-10 21:57:59,059 - INFO - HTTP Request: POST https://api.telegram.org/bot8112793004:AAFxvygvCn8GyoPIAcAXqe_C_8xv9eWZoJE/getUpdates "HTTP/1.1 200 OK"
2025-09-10 21:58:12,145 - INFO - HTTP Request: POST https://api.telegram.org/bot8112793004:AAFxvygvCn8GyoPIAcAXqe_C_8xv9eWZoJE/getUpdates "HTTP/1.1 200 OK"
2025-09-10 21:58:25,233 - INFO - HTTP Request: POST https://api.telegram.org/bot8112793004:AAFxvygvCn8GyoPIAcAXqe_C_8xv9eWZoJE/getUpdates "HTTP/1.1 200 OK"
2025-09-10 21:58:38,318 - INFO - HTTP Request: POST https://api.telegram.org/bot8112793004:AAFxvygvCn8GyoPIAcAXqe_C_8xv9eWZoJE/getUpdates "HTTP/1.1 200 OK"
2025-09-10 21:58:51,404 - INFO - HTTP Request: POST https://api.telegram.org/bot8112793004:AAFxvygvCn8GyoPIAcAXqe_C_8xv9eWZoJE/getUpdates "HTTP/1.1 200 OK"
2025-09-10 21:59:04,489 - INFO - HTTP Request: POST https://api.telegram.org/bot8112793004:AAFxvygvCn8GyoPIAcAXqe_C_8xv9eWZoJE/getUpdates "HTTP/1.1 200 OK"
2025-09-10 21:59:17,574 - INFO - HTTP Request: POST https://api.telegram.org/bot8112793004:AAFxvygvCn8GyoPIAcAXqe_C_8xv9eWZoJE/getUpdates "HTTP/1.1 200 OK"
2025-09-10 21:59:30,660 - INFO - HTTP Request: POST https://api.telegram.org/bot8112793004:AAFxvygvCn8GyoPIAcAXqe_C_8xv9eWZoJE/getUpdates "HTTP/1.1 200 OK"
2025-09-10 21:59:43,744 - INFO - HTTP Request: POST https://api.telegram.org/bot8112793004:AAFxvygvCn8GyoPIAcAXqe_C_8xv9eWZoJE/getUpdates "HTTP/1.1 200 OK"
2025-09-10 21:59:56,830 - INFO - HTTP Request: POST https://api.telegram.org/bot8112793004:AAFxvygvCn8GyoPIAcAXqe_C_8xv9eWZoJE/getUpdates "HTTP/1.1 200 OK"
2025-09-10 22:00:09,916 - INFO - HTTP Request: POST https://api.telegram.org/bot8112793004:AAFxvygvCn8GyoPIAcAXqe_C_8xv9eWZoJE/getUpdates "HTTP/1.1 200 OK"
2025-09-10 22:00:23,001 - INFO - HTTP Request: POST https://api.telegram.org/bot8112793004:AAFxvygvCn8GyoPIAcAXqe_C_8xv9eWZoJE/getUpdates "HTTP/1.1 200 OK"
2025-09-10 22:00:36,086 - INFO - HTTP Request: POST https://api.telegram.org/bot8112793004:AAFxvygvCn8GyoPIAcAXqe_C_8xv9eWZoJE/getUpdates "HTTP/1.1 200 OK"
2025-09-10 22:00:49,171 - INFO - HTTP Request: POST https://api.telegram.org/bot8112793004:AAFxvygvCn8GyoPIAcAXqe_C_8xv9eWZoJE/getUpdates "HTTP/1.1 200 OK"
2025-09-10 22:01:02,258 - INFO - HTTP Request: POST https://api.telegram.org/bot8112793004:AAFxvygvCn8GyoPIAcAXqe_C_8xv9eWZoJE/getUpdates "HTTP/1.1 200 OK"
2025-09-10 22:01:15,345 - INFO - HTTP Request: POST https://api.telegram.org/bot8112793004:AAFxvygvCn8GyoPIAcAXqe_C_8xv9eWZoJE/getUpdates "HTTP/1.1 200 OK"
2025-09-10 22:01:28,432 - INFO - HTTP Request: POST https://api.telegram.org/bot8112793004:AAFxvygvCn8GyoPIAcAXqe_C_8xv9eWZoJE/getUpdates "HTTP/1.1 200 OK"
2025-09-10 22:01:41,529 - INFO - HTTP Request: POST https://api.telegram.org/bot8112793004:AAFxvygvCn8GyoPIAcAXqe_C_8xv9eWZoJE/getUpdates "HTTP/1.1 200 OK"
2025-09-10 22:01:54,613 - INFO - HTTP Request: POST https://api.telegram.org/bot8112793004:AAFxvygvCn8GyoPIAcAXqe_C_8xv9eWZoJE/getUpdates "HTTP/1.1 200 OK"
2025-09-10 22:02:07,699 - INFO - HTTP Request: POST https://api.telegram.org/bot8112793004:AAFxvygvCn8GyoPIAcAXqe_C_8xv9eWZoJE/getUpdates "HTTP/1.1 200 OK"
2025-09-10 22:02:20,792 - INFO - HTTP Request: POST https://api.telegram.org/bot8112793004:AAFxvygvCn8GyoPIAcAXqe_C_8xv9eWZoJE/getUpdates "HTTP/1.1 200 OK"
2025-09-10 22:02:33,876 - INFO - HTTP Request: POST https://api.telegram.org/bot8112793004:AAFxvygvCn8GyoPIAcAXqe_C_8xv9eWZoJE/getUpdates "HTTP/1.1 200 OK"
2025-09-10 22:02:46,965 - INFO - HTTP Request: POST https://api.telegram.org/bot8112793004:AAFxvygvCn8GyoPIAcAXqe_C_8xv9eWZoJE/getUpdates "HTTP/1.1 200 OK"
2025-09-10 22:03:00,050 - INFO - HTTP Request: POST https://api.telegram.org/bot8112793004:AAFxvygvCn8GyoPIAcAXqe_C_8xv9eWZoJE/getUpdates "HTTP/1.1 200 OK"
2025-09-10 22:03:13,139 - INFO - HTTP Request: POST https://api.telegram.org/bot8112793004:AAFxvygvCn8GyoPIAcAXqe_C_8xv9eWZoJE/getUpdates "HTTP/1.1 200 OK"
2025-09-10 22:03:26,226 - INFO - HTTP Request: POST https://api.telegram.org/bot8112793004:AAFxvygvCn8GyoPIAcAXqe_C_8xv9eWZoJE/getUpdates "HTTP/1.1 200 OK"
2025-09-10 22:03:39,311 - INFO - HTTP Request: POST https://api.telegram.org/bot8112793004:AAFxvygvCn8GyoPIAcAXqe_C_8xv9eWZoJE/getUpdates "HTTP/1.1 200 OK"
2025-09-10 22:03:52,408 - INFO - HTTP Request: POST https://api.telegram.org/bot8112793004:AAFxvygvCn8GyoPIAcAXqe_C_8xv9eWZoJE/getUpdates "HTTP/1.1 200 OK"
2025-09-10 22:04:05,748 - INFO - HTTP Request: POST https://api.telegram.org/bot8112793004:AAFxvygvCn8GyoPIAcAXqe_C_8xv9eWZoJE/getUpdates "HTTP/1.1 200 OK"
2025-09-10 22:04:18,834 - INFO - HTTP Request: POST https://api.telegram.org/bot8112793004:AAFxvygvCn8GyoPIAcAXqe_C_8xv9eWZoJE/getUpdates "HTTP/1.1 200 OK"
2025-09-10 22:04:31,919 - INFO - HTTP Request: POST https://api.telegram.org/bot8112793004:AAFxvygvCn8GyoPIAcAXqe_C_8xv9eWZoJE/getUpdates "HTTP/1.1 200 OK"
2025-09-10 22:04:45,006 - INFO - HTTP Request: POST https://api.telegram.org/bot8112793004:AAFxvygvCn8GyoPIAcAXqe_C_8xv9eWZoJE/getUpdates "HTTP/1.1 200 OK"
2025-09-10 22:04:58,095 - INFO - HTTP Request: POST https://api.telegram.org/bot8112793004:AAFxvygvCn8GyoPIAcAXqe_C_8xv9eWZoJE/getUpdates "HTTP/1.1 200 OK"
2025-09-10 22:05:11,179 - INFO - HTTP Request: POST https://api.telegram.org/bot8112793004:AAFxvygvCn8GyoPIAcAXqe_C_8xv9eWZoJE/getUpdates "HTTP/1.1 200 OK"
2025-09-10 22:05:24,266 - INFO - HTTP Request: POST https://api.telegram.org/bot8112793004:AAFxvygvCn8GyoPIAcAXqe_C_8xv9eWZoJE/getUpdates "HTTP/1.1 200 OK"
2025-09-10 22:05:37,351 - INFO - HTTP Request: POST https://api.telegram.org/bot8112793004:AAFxvygvCn8GyoPIAcAXqe_C_8xv9eWZoJE/getUpdates "HTTP/1.1 200 OK"
2025-09-10 22:05:50,437 - INFO - HTTP Request: POST https://api.telegram.org/bot8112793004:AAFxvygvCn8GyoPIAcAXqe_C_8xv9eWZoJE/getUpdates "HTTP/1.1 200 OK"
2025-09-10 22:06:03,523 - INFO - HTTP Request: POST https://api.telegram.org/bot8112793004:AAFxvygvCn8GyoPIAcAXqe_C_8xv9eWZoJE/getUpdates "HTTP/1.1 200 OK"
2025-09-10 22:06:16,608 - INFO - HTTP Request: POST https://api.telegram.org/bot8112793004:AAFxvygvCn8GyoPIAcAXqe_C_8xv9eWZoJE/getUpdates "HTTP/1.1 200 OK"
2025-09-10 22:06:29,696 - INFO - HTTP Request: POST https://api.telegram.org/bot8112793004:AAFxvygvCn8GyoPIAcAXqe_C_8xv9eWZoJE/getUpdates "HTTP/1.1 200 OK"
2025-09-10 22:06:42,782 - INFO - HTTP Request: POST https://api.telegram.org/bot8112793004:AAFxvygvCn8GyoPIAcAXqe_C_8xv9eWZoJE/getUpdates "HTTP/1.1 200 OK"
2025-09-10 22:06:55,868 - INFO - HTTP Request: POST https://api.telegram.org/bot8112793004:AAFxvygvCn8GyoPIAcAXqe_C_8xv9eWZoJE/getUpdates "HTTP/1.1 200 OK"
2025-09-10 22:07:08,954 - INFO - HTTP Request: POST https://api.telegram.org/bot8112793004:AAFxvygvCn8GyoPIAcAXqe_C_8xv9eWZoJE/getUpdates "HTTP/1.1 200 OK"
2025-09-10 22:07:22,042 - INFO - HTTP Request: POST https://api.telegram.org/bot8112793004:AAFxvygvCn8GyoPIAcAXqe_C_8xv9eWZoJE/getUpdates "HTTP/1.1 200 OK"
2025-09-10 22:07:35,127 - INFO - HTTP Request: POST https://api.telegram.org/bot8112793004:AAFxvygvCn8GyoPIAcAXqe_C_8xv9eWZoJE/getUpdates "HTTP/1.1 200 OK"
2025-09-10 22:07:48,212 - INFO - HTTP Request: POST https://api.telegram.org/bot8112793004:AAFxvygvCn8GyoPIAcAXqe_C_8xv9eWZoJE/getUpdates "HTTP/1.1 200 OK"
2025-09-10 22:08:01,299 - INFO - HTTP Request: POST https://api.telegram.org/bot8112793004:AAFxvygvCn8GyoPIAcAXqe_C_8xv9eWZoJE/getUpdates "HTTP/1.1 200 OK"
2025-09-10 22:08:14,383 - INFO - HTTP Request: POST https://api.telegram.org/bot8112793004:AAFxvygvCn8GyoPIAcAXqe_C_8xv9eWZoJE/getUpdates "HTTP/1.1 200 OK"
2025-09-10 22:08:27,468 - INFO - HTTP Request: POST https://api.telegram.org/bot8112793004:AAFxvygvCn8GyoPIAcAXqe_C_8xv9eWZoJE/getUpdates "HTTP/1.1 200 OK"
2025-09-10 22:08:40,558 - INFO - HTTP Request: POST https://api.telegram.org/bot8112793004:AAFxvygvCn8GyoPIAcAXqe_C_8xv9eWZoJE/getUpdates "HTTP/1.1 200 OK"
2025-09-10 22:08:53,644 - INFO - HTTP Request: POST https://api.telegram.org/bot8112793004:AAFxvygvCn8GyoPIAcAXqe_C_8xv9eWZoJE/getUpdates "HTTP/1.1 200 OK"
2025-09-10 22:09:06,731 - INFO - HTTP Request: POST https://api.telegram.org/bot8112793004:AAFxvygvCn8GyoPIAcAXqe_C_8xv9eWZoJE/getUpdates "HTTP/1.1 200 OK"
2025-09-10 22:09:19,818 - INFO - HTTP Request: POST https://api.telegram.org/bot8112793004:AAFxvygvCn8GyoPIAcAXqe_C_8xv9eWZoJE/getUpdates "HTTP/1.1 200 OK"
2025-09-10 22:09:32,902 - INFO - HTTP Request: POST https://api.telegram.org/bot8112793004:AAFxvygvCn8GyoPIAcAXqe_C_8xv9eWZoJE/getUpdates "HTTP/1.1 200 OK"
2025-09-10 22:09:45,990 - INFO - HTTP Request: POST https://api.telegram.org/bot8112793004:AAFxvygvCn8GyoPIAcAXqe_C_8xv9eWZoJE/getUpdates "HTTP/1.1 200 OK"
2025-09-10 22:09:59,075 - INFO - HTTP Request: POST https://api.telegram.org/bot8112793004:AAFxvygvCn8GyoPIAcAXqe_C_8xv9eWZoJE/getUpdates "HTTP/1.1 200 OK"
2025-09-10 22:10:12,161 - INFO - HTTP Request: POST https://api.telegram.org/bot8112793004:AAFxvygvCn8GyoPIAcAXqe_C_8xv9eWZoJE/getUpdates "HTTP/1.1 200 OK"
2025-09-10 22:10:25,246 - INFO - HTTP Request: POST https://api.telegram.org/bot8112793004:AAFxvygvCn8GyoPIAcAXqe_C_8xv9eWZoJE/getUpdates "HTTP/1.1 200 OK"
2025-09-10 22:10:38,335 - INFO - HTTP Request: POST https://api.telegram.org/bot8112793004:AAFxvygvCn8GyoPIAcAXqe_C_8xv9eWZoJE/getUpdates "HTTP/1.1 200 OK"
2025-09-10 22:10:51,421 - INFO - HTTP Request: POST https://api.telegram.org/bot8112793004:AAFxvygvCn8GyoPIAcAXqe_C_8xv9eWZoJE/getUpdates "HTTP/1.1 200 OK"
2025-09-10 22:11:04,507 - INFO - HTTP Request: POST https://api.telegram.org/bot8112793004:AAFxvygvCn8GyoPIAcAXqe_C_8xv9eWZoJE/getUpdates "HTTP/1.1 200 OK"
2025-09-10 22:11:17,593 - INFO - HTTP Request: POST https://api.telegram.org/bot8112793004:AAFxvygvCn8GyoPIAcAXqe_C_8xv9eWZoJE/getUpdates "HTTP/1.1 200 OK"
2025-09-10 22:11:30,680 - INFO - HTTP Request: POST https://api.telegram.org/bot8112793004:AAFxvygvCn8GyoPIAcAXqe_C_8xv9eWZoJE/getUpdates "HTTP/1.1 200 OK"
2025-09-10 22:11:43,766 - INFO - HTTP Request: POST https://api.telegram.org/bot8112793004:AAFxvygvCn8GyoPIAcAXqe_C_8xv9eWZoJE/getUpdates "HTTP/1.1 200 OK"
2025-09-10 22:11:56,852 - INFO - HTTP Request: POST https://api.telegram.org/bot8112793004:AAFxvygvCn8GyoPIAcAXqe_C_8xv9eWZoJE/getUpdates "HTTP/1.1 200 OK"
2025-09-10 22:12:09,961 - INFO - HTTP Request: POST https://api.telegram.org/bot8112793004:AAFxvygvCn8GyoPIAcAXqe_C_8xv9eWZoJE/getUpdates "HTTP/1.1 200 OK"
2025-09-10 22:12:23,045 - INFO - HTTP Request: POST https://api.telegram.org/bot8112793004:AAFxvygvCn8GyoPIAcAXqe_C_8xv9eWZoJE/getUpdates "HTTP/1.1 200 OK"
2025-09-10 22:12:36,133 - INFO - HTTP Request: POST https://api.telegram.org/bot8112793004:AAFxvygvCn8GyoPIAcAXqe_C_8xv9eWZoJE/getUpdates "HTTP/1.1 200 OK"
2025-09-10 22:12:49,219 - INFO - HTTP Request: POST https://api.telegram.org/bot8112793004:AAFxvygvCn8GyoPIAcAXqe_C_8xv9eWZoJE/getUpdates "HTTP/1.1 200 OK"
2025-09-10 22:13:02,307 - INFO - HTTP Request: POST https://api.telegram.org/bot8112793004:AAFxvygvCn8GyoPIAcAXqe_C_8xv9eWZoJE/getUpdates "HTTP/1.1 200 OK"
2025-09-14 18:31:58,216 - INFO - Запущен checker подписок
2025-09-14 18:31:58,217 - INFO - Запущен Telegram бот в отдельном потоке
2025-09-14 18:31:58,217 - INFO - Запуск Flask приложения...
2025-09-14 18:31:58,217 - INFO - Запуск Telegram бота...
2025-09-14 18:31:58,225 - INFO - [31m[1mWARNING: This is a development server. Do not use it in a production deployment. Use a production WSGI server instead.[0m
 * Running on http://127.0.0.1:5009
2025-09-14 18:31:58,225 - INFO - [33mPress CTRL+C to quit[0m
2025-09-14 18:31:58,580 - INFO - HTTP Request: POST https://api.telegram.org/bot8112793004:AAFxvygvCn8GyoPIAcAXqe_C_8xv9eWZoJE/getMe "HTTP/1.1 200 OK"
2025-09-14 18:31:58,580 - INFO - Application started
2025-09-14 18:31:58,660 - INFO - HTTP Request: POST https://api.telegram.org/bot8112793004:AAFxvygvCn8GyoPIAcAXqe_C_8xv9eWZoJE/deleteWebhook "HTTP/1.1 200 OK"
2025-09-14 18:31:58,661 - INFO - Telegram бот запущен успешно
2025-09-14 18:32:08,906 - INFO - HTTP Request: POST https://api.telegram.org/bot8112793004:AAFxvygvCn8GyoPIAcAXqe_C_8xv9eWZoJE/getUpdates "HTTP/1.1 200 OK"
2025-09-14 18:32:21,989 - INFO - HTTP Request: POST https://api.telegram.org/bot8112793004:AAFxvygvCn8GyoPIAcAXqe_C_8xv9eWZoJE/getUpdates "HTTP/1.1 200 OK"
2025-09-14 18:32:35,072 - INFO - HTTP Request: POST https://api.telegram.org/bot8112793004:AAFxvygvCn8GyoPIAcAXqe_C_8xv9eWZoJE/getUpdates "HTTP/1.1 200 OK"
2025-09-14 18:32:48,155 - INFO - HTTP Request: POST https://api.telegram.org/bot8112793004:AAFxvygvCn8GyoPIAcAXqe_C_8xv9eWZoJE/getUpdates "HTTP/1.1 200 OK"
2025-09-14 18:33:01,239 - INFO - HTTP Request: POST https://api.telegram.org/bot8112793004:AAFxvygvCn8GyoPIAcAXqe_C_8xv9eWZoJE/getUpdates "HTTP/1.1 200 OK"
2025-09-14 18:33:14,322 - INFO - HTTP Request: POST https://api.telegram.org/bot8112793004:AAFxvygvCn8GyoPIAcAXqe_C_8xv9eWZoJE/getUpdates "HTTP/1.1 200 OK"
2025-09-14 18:33:27,405 - INFO - HTTP Request: POST https://api.telegram.org/bot8112793004:AAFxvygvCn8GyoPIAcAXqe_C_8xv9eWZoJE/getUpdates "HTTP/1.1 200 OK"
2025-09-14 18:33:40,488 - INFO - HTTP Request: POST https://api.telegram.org/bot8112793004:AAFxvygvCn8GyoPIAcAXqe_C_8xv9eWZoJE/getUpdates "HTTP/1.1 200 OK"
2025-09-14 18:33:53,571 - INFO - HTTP Request: POST https://api.telegram.org/bot8112793004:AAFxvygvCn8GyoPIAcAXqe_C_8xv9eWZoJE/getUpdates "HTTP/1.1 200 OK"
2025-09-14 18:34:06,654 - INFO - HTTP Request: POST https://api.telegram.org/bot8112793004:AAFxvygvCn8GyoPIAcAXqe_C_8xv9eWZoJE/getUpdates "HTTP/1.1 200 OK"
2025-09-14 18:34:19,738 - INFO - HTTP Request: POST https://api.telegram.org/bot8112793004:AAFxvygvCn8GyoPIAcAXqe_C_8xv9eWZoJE/getUpdates "HTTP/1.1 200 OK"
2025-09-14 18:34:32,823 - INFO - HTTP Request: POST https://api.telegram.org/bot8112793004:AAFxvygvCn8GyoPIAcAXqe_C_8xv9eWZoJE/getUpdates "HTTP/1.1 200 OK"
2025-09-14 18:34:45,907 - INFO - HTTP Request: POST https://api.telegram.org/bot8112793004:AAFxvygvCn8GyoPIAcAXqe_C_8xv9eWZoJE/getUpdates "HTTP/1.1 200 OK"
2025-09-14 18:34:58,990 - INFO - HTTP Request: POST https://api.telegram.org/bot8112793004:AAFxvygvCn8GyoPIAcAXqe_C_8xv9eWZoJE/getUpdates "HTTP/1.1 200 OK"
2025-09-14 18:35:12,073 - INFO - HTTP Request: POST https://api.telegram.org/bot8112793004:AAFxvygvCn8GyoPIAcAXqe_C_8xv9eWZoJE/getUpdates "HTTP/1.1 200 OK"
2025-09-14 18:37:20,547 - INFO - Запущен checker подписок
2025-09-14 18:37:20,548 - INFO - Запущен Telegram бот в отдельном потоке
2025-09-14 18:37:20,548 - INFO - Запуск Flask приложения...
2025-09-14 18:37:20,548 - INFO - Запуск Telegram бота...
2025-09-14 18:37:20,556 - INFO - [31m[1mWARNING: This is a development server. Do not use it in a production deployment. Use a production WSGI server instead.[0m
 * Running on all addresses (0.0.0.0)
 * Running on http://127.0.0.1:5000
 * Running on http://172.17.0.4:5000
2025-09-14 18:37:20,556 - INFO - [33mPress CTRL+C to quit[0m
2025-09-14 18:37:20,803 - INFO - HTTP Request: POST https://api.telegram.org/bot8112793004:AAFxvygvCn8GyoPIAcAXqe_C_8xv9eWZoJE/getMe "HTTP/1.1 200 OK"
2025-09-14 18:37:20,803 - INFO - Application started
2025-09-14 18:37:20,883 - INFO - HTTP Request: POST https://api.telegram.org/bot8112793004:AAFxvygvCn8GyoPIAcAXqe_C_8xv9eWZoJE/deleteWebhook "HTTP/1.1 200 OK"
2025-09-14 18:37:20,883 - INFO - Telegram бот запущен успешно
2025-09-14 18:37:31,116 - INFO - HTTP Request: POST https://api.telegram.org/bot8112793004:AAFxvygvCn8GyoPIAcAXqe_C_8xv9eWZoJE/getUpdates "HTTP/1.1 200 OK"
2025-09-14 18:37:31,925 - INFO - 172.17.0.1 - - [14/Sep/2025 18:37:31] "GET / HTTP/1.1" 200 -
2025-09-14 18:37:31,942 - INFO - 172.17.0.1 - - [14/Sep/2025 18:37:31] "GET /static/style.css HTTP/1.1" 200 -
2025-09-14 18:37:31,982 - INFO - 172.17.0.1 - - [14/Sep/2025 18:37:31] "[33mGET /favicon.ico HTTP/1.1[0m" 404 -
2025-09-14 18:37:44,194 - INFO - HTTP Request: POST https://api.telegram.org/bot8112793004:AAFxvygvCn8GyoPIAcAXqe_C_8xv9eWZoJE/getUpdates "HTTP/1.1 200 OK"
2025-09-14 18:37:57,276 - INFO - HTTP Request: POST https://api.telegram.org/bot8112793004:AAFxvygvCn8GyoPIAcAXqe_C_8xv9eWZoJE/getUpdates "HTTP/1.1 200 OK"
2025-09-14 18:38:10,353 - INFO - HTTP Request: POST https://api.telegram.org/bot8112793004:AAFxvygvCn8GyoPIAcAXqe_C_8xv9eWZoJE/getUpdates "HTTP/1.1 200 OK"
2025-09-14 18:38:23,432 - INFO - HTTP Request: POST https://api.telegram.org/bot8112793004:AAFxvygvCn8GyoPIAcAXqe_C_8xv9eWZoJE/getUpdates "HTTP/1.1 200 OK"
2025-09-14 18:38:36,510 - INFO - HTTP Request: POST https://api.telegram.org/bot8112793004:AAFxvygvCn8GyoPIAcAXqe_C_8xv9eWZoJE/getUpdates "HTTP/1.1 200 OK"
2025-09-14 18:38:49,594 - INFO - HTTP Request: POST https://api.telegram.org/bot8112793004:AAFxvygvCn8GyoPIAcAXqe_C_8xv9eWZoJE/getUpdates "HTTP/1.1 200 OK"
2025-09-14 18:39:02,679 - INFO - HTTP Request: POST https://api.telegram.org/bot8112793004:AAFxvygvCn8GyoPIAcAXqe_C_8xv9eWZoJE/getUpdates "HTTP/1.1 200 OK"
2025-09-14 18:39:15,760 - INFO - HTTP Request: POST https://api.telegram.org/bot8112793004:AAFxvygvCn8GyoPIAcAXqe_C_8xv9eWZoJE/getUpdates "HTTP/1.1 200 OK"
2025-09-14 18:39:28,839 - INFO - HTTP Request: POST https://api.telegram.org/bot8112793004:AAFxvygvCn8GyoPIAcAXqe_C_8xv9eWZoJE/getUpdates "HTTP/1.1 200 OK"
2025-09-14 18:39:41,933 - INFO - HTTP Request: POST https://api.telegram.org/bot8112793004:AAFxvygvCn8GyoPIAcAXqe_C_8xv9eWZoJE/getUpdates "HTTP/1.1 200 OK"
2025-09-14 18:39:55,062 - INFO - HTTP Request: POST https://api.telegram.org/bot8112793004:AAFxvygvCn8GyoPIAcAXqe_C_8xv9eWZoJE/getUpdates "HTTP/1.1 200 OK"
2025-09-14 18:40:08,142 - INFO - HTTP Request: POST https://api.telegram.org/bot8112793004:AAFxvygvCn8GyoPIAcAXqe_C_8xv9eWZoJE/getUpdates "HTTP/1.1 200 OK"
2025-09-14 18:40:21,221 - INFO - HTTP Request: POST https://api.telegram.org/bot8112793004:AAFxvygvCn8GyoPIAcAXqe_C_8xv9eWZoJE/getUpdates "HTTP/1.1 200 OK"
